TN:
SF:src\models\IOfferApi.ts
FN:22,OfferApi
FN:23,Object.<anonymous>.OfferApi.getUserOffers
FN:32,Object.<anonymous>.OfferApi.getOffer
FN:42,Object.<anonymous>.OfferApi.getUser
FN:52,Object.<anonymous>.OfferApi.createOffer
FN:61,Object.<anonymous>.OfferApi.deleteOffer
FN:71,Object.<anonymous>.OfferApi.updateOffer
FN:81,Object.<anonymous>.OfferApi.registerUser
FN:91,Object.<anonymous>.OfferApi.getOffers
FN:101,Object.<anonymous>.OfferApi.loginUser
FNF:10
FNH:1
FNDA:1,OfferApi
FNDA:0,Object.<anonymous>.OfferApi.getUserOffers
FNDA:0,Object.<anonymous>.OfferApi.getOffer
FNDA:0,Object.<anonymous>.OfferApi.getUser
FNDA:0,Object.<anonymous>.OfferApi.createOffer
FNDA:0,Object.<anonymous>.OfferApi.deleteOffer
FNDA:0,Object.<anonymous>.OfferApi.updateOffer
FNDA:0,Object.<anonymous>.OfferApi.registerUser
FNDA:0,Object.<anonymous>.OfferApi.getOffers
FNDA:0,Object.<anonymous>.OfferApi.loginUser
DA:1,1
DA:2,1
DA:3,1
DA:4,1
DA:5,1
DA:6,1
DA:7,1
DA:8,1
DA:9,1
DA:10,1
DA:11,1
DA:12,1
DA:13,1
DA:14,1
DA:15,1
DA:16,1
DA:17,1
DA:18,1
DA:19,1
DA:20,1
DA:21,1
DA:22,1
DA:23,1
DA:24,0
DA:25,0
DA:26,0
DA:27,0
DA:28,0
DA:29,0
DA:30,0
DA:31,1
DA:32,1
DA:33,0
DA:34,0
DA:35,0
DA:36,0
DA:37,0
DA:38,0
DA:39,0
DA:40,1
DA:41,1
DA:42,1
DA:43,0
DA:44,0
DA:45,0
DA:46,0
DA:47,0
DA:48,0
DA:49,0
DA:50,1
DA:51,1
DA:52,1
DA:53,0
DA:54,0
DA:55,0
DA:56,0
DA:57,0
DA:58,0
DA:59,0
DA:60,1
DA:61,1
DA:62,0
DA:63,0
DA:64,0
DA:65,0
DA:66,0
DA:67,0
DA:68,0
DA:69,1
DA:70,1
DA:71,1
DA:72,0
DA:73,0
DA:74,0
DA:75,0
DA:76,0
DA:77,0
DA:78,0
DA:79,1
DA:80,1
DA:81,1
DA:82,0
DA:83,0
DA:84,0
DA:85,0
DA:86,0
DA:87,0
DA:88,0
DA:89,1
DA:90,1
DA:91,1
DA:92,0
DA:93,0
DA:94,0
DA:95,0
DA:96,0
DA:97,0
DA:98,0
DA:99,1
DA:100,1
DA:101,1
DA:102,0
DA:103,0
DA:104,0
DA:105,0
DA:106,0
DA:107,0
DA:108,0
DA:109,1
DA:110,1
DA:111,1
LF:111
LH:48
BRDA:21,0,0,1
BRDA:22,1,0,1
BRF:2
BRH:2
end_of_record
TN:
SF:src\models\Utils\Api.ts
FN:12,Api
FN:19,Object.<anonymous>.Api.handleResponse
FN:24,Object.<anonymous>.Api.get
FN:30,Object.<anonymous>.Api.post
FN:37,Object.<anonymous>.Api.put
FN:44,Object.<anonymous>.Api.delete
FNF:6
FNH:1
FNDA:1,Api
FNDA:0,Object.<anonymous>.Api.handleResponse
FNDA:0,Object.<anonymous>.Api.get
FNDA:0,Object.<anonymous>.Api.post
FNDA:0,Object.<anonymous>.Api.put
FNDA:0,Object.<anonymous>.Api.delete
DA:1,1
DA:2,1
DA:3,1
DA:4,1
DA:5,1
DA:6,1
DA:7,1
DA:8,1
DA:9,1
DA:10,1
DA:11,1
DA:12,1
DA:13,1
DA:14,1
DA:15,1
DA:16,1
DA:17,1
DA:18,1
DA:19,1
DA:20,0
DA:21,0
DA:22,0
DA:23,0
DA:24,1
DA:25,0
DA:26,0
DA:27,0
DA:28,0
DA:29,0
DA:30,1
DA:31,0
DA:32,0
DA:33,0
DA:34,0
DA:35,0
DA:36,0
DA:37,1
DA:38,0
DA:39,0
DA:40,0
DA:41,0
DA:42,0
DA:43,0
DA:44,1
DA:45,0
DA:46,0
DA:47,0
DA:48,0
DA:49,0
DA:50,1
LF:50
LH:24
BRDA:10,0,0,1
BRDA:12,1,0,1
BRF:2
BRH:2
end_of_record
TN:
SF:src\slices\offerSlice.ts
FN:31,extraReducers
FN:49,selectUsersOffers
FN:50,selectOffers
FN:51,selectOfferById
FNF:4
FNH:1
FNDA:1,extraReducers
FNDA:0,selectUsersOffers
FNDA:0,selectOffers
FNDA:0,selectOfferById
DA:1,1
DA:2,1
DA:3,1
DA:4,1
DA:5,1
DA:6,1
DA:7,1
DA:8,1
DA:9,1
DA:10,1
DA:11,1
DA:12,1
DA:13,1
DA:14,1
DA:15,1
DA:16,1
DA:17,1
DA:18,1
DA:19,1
DA:20,1
DA:21,0
DA:22,0
DA:23,1
DA:24,1
DA:25,1
DA:26,1
DA:27,1
DA:28,1
DA:29,1
DA:30,1
DA:31,1
DA:32,1
DA:33,1
DA:34,1
DA:35,1
DA:36,1
DA:37,1
DA:38,0
DA:39,0
DA:40,0
DA:41,1
DA:42,1
DA:43,1
DA:44,1
DA:45,1
DA:46,1
DA:47,1
DA:48,1
DA:49,1
DA:50,1
DA:51,1
DA:52,1
DA:53,1
DA:54,1
DA:55,1
DA:56,1
DA:57,1
LF:57
LH:52
BRDA:31,0,0,1
BRDA:32,1,0,1
BRDA:42,2,0,1
BRF:3
BRH:3
end_of_record
TN:
SF:src\slices\userSlice.ts
FN:46,unlogin
FN:51,extraReducers
FN:85,selectUser
FNF:3
FNH:1
FNDA:0,unlogin
FNDA:1,extraReducers
FNDA:0,selectUser
DA:1,1
DA:2,1
DA:3,1
DA:4,1
DA:5,1
DA:6,1
DA:7,1
DA:8,1
DA:9,1
DA:10,1
DA:11,1
DA:12,1
DA:13,1
DA:14,1
DA:15,1
DA:16,1
DA:17,1
DA:18,1
DA:19,1
DA:20,1
DA:21,1
DA:22,1
DA:23,1
DA:24,1
DA:25,1
DA:26,0
DA:27,0
DA:28,1
DA:29,1
DA:30,1
DA:31,1
DA:32,1
DA:33,0
DA:34,0
DA:35,1
DA:36,1
DA:37,1
DA:38,1
DA:39,1
DA:40,1
DA:41,1
DA:42,1
DA:43,1
DA:44,1
DA:45,1
DA:46,1
DA:47,0
DA:48,0
DA:49,0
DA:50,1
DA:51,1
DA:52,1
DA:53,1
DA:54,1
DA:55,1
DA:56,1
DA:57,1
DA:58,1
DA:59,0
DA:60,0
DA:61,0
DA:62,0
DA:63,1
DA:64,1
DA:65,1
DA:66,1
DA:67,1
DA:68,1
DA:69,1
DA:70,1
DA:71,0
DA:72,0
DA:73,1
DA:74,1
DA:75,0
DA:76,0
DA:77,1
DA:78,1
DA:79,0
DA:80,0
DA:81,0
DA:82,1
DA:83,1
DA:84,1
DA:85,1
DA:86,1
DA:87,1
DA:88,1
DA:89,1
DA:90,1
LF:90
LH:72
BRDA:51,0,0,1
BRDA:52,1,0,1
BRDA:64,2,0,1
BRF:3
BRH:3
end_of_record
TN:
SF:src\store\store.ts
FN:15,getUserState
FN:16,getOffersState
FNF:2
FNH:0
FNDA:0,getUserState
FNDA:0,getOffersState
DA:1,1
DA:2,1
DA:3,1
DA:4,1
DA:5,1
DA:6,1
DA:7,1
DA:8,1
DA:9,1
DA:10,1
DA:11,1
DA:12,1
DA:13,1
DA:14,1
DA:15,1
DA:16,1
LF:16
LH:16
BRF:0
BRH:0
end_of_record
